<?xml version="1.0" encoding="UTF-8"?>
<testng-results ignored="0" total="2" passed="2" failed="0" skipped="0">
  <reporter-output>
  </reporter-output>
  <suite started-at="2022-10-07T13:17:41 IST" name="Default suite" finished-at="2022-10-07T13:18:48 IST" duration-ms="67275">
    <groups>
    </groups>
    <test started-at="2022-10-07T13:17:41 IST" name="Default test" finished-at="2022-10-07T13:18:48 IST" duration-ms="67275">
      <class name="com.qa.mkmytrp.test.SearchPageTest">
        <test-method is-config="true" signature="setup()[pri:0, instance:com.qa.mkmytrp.test.SearchPageTest@11bd0f3b]" started-at="2022-10-07T13:17:41 IST" name="setup" finished-at="2022-10-07T13:18:15 IST" duration-ms="34041" status="PASS">
          <reporter-output>
          </reporter-output>
        </test-method> <!-- setup -->
        <test-method signature="filghInformation()[pri:1, instance:com.qa.mkmytrp.test.SearchPageTest@11bd0f3b]" started-at="2022-10-07T13:18:15 IST" name="filghInformation" finished-at="2022-10-07T13:18:17 IST" duration-ms="1987" status="PASS">
          <reporter-output>
          </reporter-output>
        </test-method> <!-- filghInformation -->
        <test-method is-config="true" signature="tearDown()[pri:0, instance:com.qa.mkmytrp.test.SearchPageTest@11bd0f3b]" started-at="2022-10-07T13:18:17 IST" name="tearDown" finished-at="2022-10-07T13:18:18 IST" duration-ms="1243" status="PASS">
          <reporter-output>
          </reporter-output>
        </test-method> <!-- tearDown -->
        <test-method is-config="true" signature="setup()[pri:0, instance:com.qa.mkmytrp.test.SearchPageTest@11bd0f3b]" started-at="2022-10-07T13:18:18 IST" name="setup" finished-at="2022-10-07T13:18:46 IST" duration-ms="27052" status="PASS">
          <reporter-output>
          </reporter-output>
        </test-method> <!-- setup -->
        <test-method signature="flightPriceInfo()[pri:2, instance:com.qa.mkmytrp.test.SearchPageTest@11bd0f3b]" started-at="2022-10-07T13:18:46 IST" name="flightPriceInfo" finished-at="2022-10-07T13:18:47 IST" duration-ms="1975" status="PASS">
          <reporter-output>
          </reporter-output>
        </test-method> <!-- flightPriceInfo -->
        <test-method is-config="true" signature="tearDown()[pri:0, instance:com.qa.mkmytrp.test.SearchPageTest@11bd0f3b]" started-at="2022-10-07T13:18:47 IST" name="tearDown" finished-at="2022-10-07T13:18:48 IST" duration-ms="811" status="PASS">
          <reporter-output>
          </reporter-output>
        </test-method> <!-- tearDown -->
      </class> <!-- com.qa.mkmytrp.test.SearchPageTest -->
    </test> <!-- Default test -->
  </suite> <!-- Default suite -->
</testng-results>
